[DEBUG] [2021-05-07 00:31:30][org.apache.ibatis.logging.LogFactory]Logging initialized using 'class org.apache.ibatis.logging.slf4j.Slf4jImpl' adapter.
[DEBUG] [2021-05-07 00:31:30][org.apache.ibatis.datasource.pooled.PooledDataSource]PooledDataSource forcefully closed/removed all connections.
[DEBUG] [2021-05-07 00:31:30][org.apache.ibatis.datasource.pooled.PooledDataSource]PooledDataSource forcefully closed/removed all connections.
[DEBUG] [2021-05-07 00:31:30][org.apache.ibatis.datasource.pooled.PooledDataSource]PooledDataSource forcefully closed/removed all connections.
[DEBUG] [2021-05-07 00:31:30][org.apache.ibatis.datasource.pooled.PooledDataSource]PooledDataSource forcefully closed/removed all connections.
[DEBUG] [2021-05-07 00:36:40][org.apache.ibatis.logging.LogFactory]Logging initialized using 'class org.apache.ibatis.logging.slf4j.Slf4jImpl' adapter.
[DEBUG] [2021-05-07 00:36:40][org.apache.ibatis.datasource.pooled.PooledDataSource]PooledDataSource forcefully closed/removed all connections.
[DEBUG] [2021-05-07 00:36:40][org.apache.ibatis.datasource.pooled.PooledDataSource]PooledDataSource forcefully closed/removed all connections.
[DEBUG] [2021-05-07 00:36:40][org.apache.ibatis.datasource.pooled.PooledDataSource]PooledDataSource forcefully closed/removed all connections.
[DEBUG] [2021-05-07 00:36:40][org.apache.ibatis.datasource.pooled.PooledDataSource]PooledDataSource forcefully closed/removed all connections.
[DEBUG] [2021-05-07 00:38:29][org.apache.ibatis.logging.LogFactory]Logging initialized using 'class org.apache.ibatis.logging.slf4j.Slf4jImpl' adapter.
[DEBUG] [2021-05-07 00:38:29][org.apache.ibatis.datasource.pooled.PooledDataSource]PooledDataSource forcefully closed/removed all connections.
[DEBUG] [2021-05-07 00:38:29][org.apache.ibatis.datasource.pooled.PooledDataSource]PooledDataSource forcefully closed/removed all connections.
[DEBUG] [2021-05-07 00:38:29][org.apache.ibatis.datasource.pooled.PooledDataSource]PooledDataSource forcefully closed/removed all connections.
[DEBUG] [2021-05-07 00:38:29][org.apache.ibatis.datasource.pooled.PooledDataSource]PooledDataSource forcefully closed/removed all connections.
[DEBUG] [2021-05-07 00:38:29][org.apache.ibatis.transaction.jdbc.JdbcTransaction]Opening JDBC Connection
[DEBUG] [2021-05-07 00:39:26][org.apache.ibatis.logging.LogFactory]Logging initialized using 'class org.apache.ibatis.logging.slf4j.Slf4jImpl' adapter.
[DEBUG] [2021-05-07 00:39:26][org.apache.ibatis.datasource.pooled.PooledDataSource]PooledDataSource forcefully closed/removed all connections.
[DEBUG] [2021-05-07 00:39:26][org.apache.ibatis.datasource.pooled.PooledDataSource]PooledDataSource forcefully closed/removed all connections.
[DEBUG] [2021-05-07 00:39:26][org.apache.ibatis.datasource.pooled.PooledDataSource]PooledDataSource forcefully closed/removed all connections.
[DEBUG] [2021-05-07 00:39:26][org.apache.ibatis.datasource.pooled.PooledDataSource]PooledDataSource forcefully closed/removed all connections.
[DEBUG] [2021-05-07 00:39:26][org.apache.ibatis.transaction.jdbc.JdbcTransaction]Opening JDBC Connection
[DEBUG] [2021-05-07 00:39:26][org.apache.ibatis.datasource.pooled.PooledDataSource]Created connection 1632492873.
[DEBUG] [2021-05-07 00:39:26][com.stu.dao.AdminMapper.selectByPrimaryKey]ooo Using Connection [com.mysql.jdbc.JDBC4Connection@614ddd49]
[DEBUG] [2021-05-07 00:39:26][com.stu.dao.AdminMapper.selectByPrimaryKey]==>  Preparing: select id, username, `name`, `password`, `type`, teacherId from `admin` where id = ? 
[DEBUG] [2021-05-07 00:39:26][com.stu.dao.AdminMapper.selectByPrimaryKey]==> Parameters: 1(Integer)
[DEBUG] [2021-05-07 00:39:27][com.stu.dao.AdminMapper.updateByPrimaryKeySelective]ooo Using Connection [com.mysql.jdbc.JDBC4Connection@614ddd49]
[DEBUG] [2021-05-07 00:39:27][com.stu.dao.AdminMapper.updateByPrimaryKeySelective]==>  Preparing: update `admin` SET username = ?, `name` = ?, `password` = ?, `type` = ? where id = ? 
[DEBUG] [2021-05-07 00:39:27][com.stu.dao.AdminMapper.updateByPrimaryKeySelective]==> Parameters: admin(String), 管理员(String), S4rRdFyrP3Zb2bR6vlL0vP85W/tFYcWvLTbD4yuAW3IWVxzrpOxNiKM2buCW3kaCY8GVXctvW8pJYVROvw6xOlmJHtZgvm/IJasA5NgYeF16Lc/Q9H32sknMJ1GfyGeQBfhobPVt2If7C0CgpGTiZX37TzrWdsHSVm3UaUQ42mo=(String), 1(Integer), 1(Integer)
[DEBUG] [2021-05-07 00:39:27][org.apache.ibatis.transaction.jdbc.JdbcTransaction]Committing JDBC Connection [com.mysql.jdbc.JDBC4Connection@614ddd49]
[DEBUG] [2021-05-07 00:39:27][com.stu.dao.AdminMapper.selectByPrimaryKey]ooo Using Connection [com.mysql.jdbc.JDBC4Connection@614ddd49]
[DEBUG] [2021-05-07 00:39:27][com.stu.dao.AdminMapper.selectByPrimaryKey]==>  Preparing: select id, username, `name`, `password`, `type`, teacherId from `admin` where id = ? 
[DEBUG] [2021-05-07 00:39:27][com.stu.dao.AdminMapper.selectByPrimaryKey]==> Parameters: 2(Integer)
[DEBUG] [2021-05-07 00:39:27][com.stu.dao.AdminMapper.updateByPrimaryKeySelective]ooo Using Connection [com.mysql.jdbc.JDBC4Connection@614ddd49]
[DEBUG] [2021-05-07 00:39:27][com.stu.dao.AdminMapper.updateByPrimaryKeySelective]==>  Preparing: update `admin` SET username = ?, `name` = ?, `password` = ?, `type` = ? where id = ? 
[DEBUG] [2021-05-07 00:39:27][com.stu.dao.AdminMapper.updateByPrimaryKeySelective]==> Parameters: classadmin(String), 管理员(String), T8kL0r9lvkOvexPst01wLld1GCs7/DdUa+dJHfq2ZLxWtluXSEEnnpWOZS+GcK7MHuruY7+G1ydp/g06Vq6pqHczp+Wrsgvm8O71/0/h2KRuTxtAX1jVHSaieRdYn31wm7R3dLuO4F3d6Wqr/qxPnVJMiOxLRBGsrCxKp4vJ2mo=(String), 2(Integer), 2(Integer)
[DEBUG] [2021-05-07 00:39:27][org.apache.ibatis.transaction.jdbc.JdbcTransaction]Committing JDBC Connection [com.mysql.jdbc.JDBC4Connection@614ddd49]
[DEBUG] [2021-05-07 00:39:27][com.stu.dao.AdminMapper.selectByPrimaryKey]ooo Using Connection [com.mysql.jdbc.JDBC4Connection@614ddd49]
[DEBUG] [2021-05-07 00:39:27][com.stu.dao.AdminMapper.selectByPrimaryKey]==>  Preparing: select id, username, `name`, `password`, `type`, teacherId from `admin` where id = ? 
[DEBUG] [2021-05-07 00:39:27][com.stu.dao.AdminMapper.selectByPrimaryKey]==> Parameters: 3(Integer)
[DEBUG] [2021-05-07 00:39:27][com.stu.dao.AdminMapper.updateByPrimaryKeySelective]ooo Using Connection [com.mysql.jdbc.JDBC4Connection@614ddd49]
[DEBUG] [2021-05-07 00:39:27][com.stu.dao.AdminMapper.updateByPrimaryKeySelective]==>  Preparing: update `admin` SET username = ?, `name` = ?, `password` = ?, `type` = ? where id = ? 
[DEBUG] [2021-05-07 00:39:27][com.stu.dao.AdminMapper.updateByPrimaryKeySelective]==> Parameters: teacher(String), 管理员(String), Fqr7b3WghSaFJO+/HklkRop+dq9PCszRheVedrYhHWQEzJKaNCLCNCvVpDC3uhU8ZbIW8jhZ8jPE/Gw2GsUvuW2zGb5QWd1cKkEoUDhJZF83FUoj4cg2/cLOfqmY3egFq6w8Ho84cGqiv6zh6+PiD/mKvT+FdlOTykxqn/EE3T4=(String), 3(Integer), 3(Integer)
[DEBUG] [2021-05-07 00:39:27][org.apache.ibatis.transaction.jdbc.JdbcTransaction]Committing JDBC Connection [com.mysql.jdbc.JDBC4Connection@614ddd49]
[DEBUG] [2021-05-07 00:39:27][com.stu.dao.AdminMapper.selectByPrimaryKey]ooo Using Connection [com.mysql.jdbc.JDBC4Connection@614ddd49]
[DEBUG] [2021-05-07 00:39:27][com.stu.dao.AdminMapper.selectByPrimaryKey]==>  Preparing: select id, username, `name`, `password`, `type`, teacherId from `admin` where id = ? 
[DEBUG] [2021-05-07 00:39:27][com.stu.dao.AdminMapper.selectByPrimaryKey]==> Parameters: 4(Integer)
[DEBUG] [2021-05-07 00:39:27][com.stu.dao.AdminMapper.updateByPrimaryKeySelective]ooo Using Connection [com.mysql.jdbc.JDBC4Connection@614ddd49]
[DEBUG] [2021-05-07 00:39:27][com.stu.dao.AdminMapper.updateByPrimaryKeySelective]==>  Preparing: update `admin` SET username = ?, `name` = ?, `password` = ?, `type` = ? where id = ? 
[DEBUG] [2021-05-07 00:39:27][com.stu.dao.AdminMapper.updateByPrimaryKeySelective]==> Parameters: dormitory(String), 管理员(String), U65UU49Xz7W12mVV2c1TDtPxtnPye1tj4vqZBM6BUMsiLEKMFkMab/tVEcWubVEdMb21sRwzhOOwL1/hIdcOsWvZCh15yFZlxpuqIWpQ20D3JawdgzGDlDHBBPSL5r7YGPxfu5a4ZBUCvLdf8wFDiXqn21iH8tr1Gw1t0ztSp5s=(String), 4(Integer), 4(Integer)
[DEBUG] [2021-05-07 00:39:27][org.apache.ibatis.transaction.jdbc.JdbcTransaction]Committing JDBC Connection [com.mysql.jdbc.JDBC4Connection@614ddd49]
[DEBUG] [2021-05-07 00:39:27][com.stu.dao.AdminMapper.selectByPrimaryKey]ooo Using Connection [com.mysql.jdbc.JDBC4Connection@614ddd49]
[DEBUG] [2021-05-07 00:39:27][com.stu.dao.AdminMapper.selectByPrimaryKey]==>  Preparing: select id, username, `name`, `password`, `type`, teacherId from `admin` where id = ? 
[DEBUG] [2021-05-07 00:39:27][com.stu.dao.AdminMapper.selectByPrimaryKey]==> Parameters: 5(Integer)
[DEBUG] [2021-05-07 00:39:27][com.stu.dao.AdminMapper.updateByPrimaryKeySelective]ooo Using Connection [com.mysql.jdbc.JDBC4Connection@614ddd49]
[DEBUG] [2021-05-07 00:39:27][com.stu.dao.AdminMapper.updateByPrimaryKeySelective]==>  Preparing: update `admin` SET username = ?, `name` = ?, `password` = ?, `type` = ?, teacherId = ? where id = ? 
[DEBUG] [2021-05-07 00:39:27][com.stu.dao.AdminMapper.updateByPrimaryKeySelective]==> Parameters: teacher1(String), 管理员(String), KA0yiGCuxT9OIS3inzA2TxAt62iqvDl0VZDua9n3TBNkMpbYtjSYGy8iEBQBxvzwDEoU2ORBaAa5q5lXCX01es+l2z1dWOx8RJX3t5+kx1SMiaHf614lxOP68mSN9VYualPnAzz6KMCyWKe4rIzsIyj9nZ9mqIylXqSbOyHhUuc=(String), 3(Integer), 1(Integer), 5(Integer)
[DEBUG] [2021-05-07 00:39:27][org.apache.ibatis.transaction.jdbc.JdbcTransaction]Committing JDBC Connection [com.mysql.jdbc.JDBC4Connection@614ddd49]
[DEBUG] [2021-05-07 00:39:27][com.stu.dao.AdminMapper.selectByPrimaryKey]ooo Using Connection [com.mysql.jdbc.JDBC4Connection@614ddd49]
[DEBUG] [2021-05-07 00:39:27][com.stu.dao.AdminMapper.selectByPrimaryKey]==>  Preparing: select id, username, `name`, `password`, `type`, teacherId from `admin` where id = ? 
[DEBUG] [2021-05-07 00:39:27][com.stu.dao.AdminMapper.selectByPrimaryKey]==> Parameters: 6(Integer)
[DEBUG] [2021-05-07 00:39:27][com.stu.dao.AdminMapper.updateByPrimaryKeySelective]ooo Using Connection [com.mysql.jdbc.JDBC4Connection@614ddd49]
[DEBUG] [2021-05-07 00:39:27][com.stu.dao.AdminMapper.updateByPrimaryKeySelective]==>  Preparing: update `admin` SET username = ?, `name` = ?, `password` = ?, `type` = ?, teacherId = ? where id = ? 
[DEBUG] [2021-05-07 00:39:27][com.stu.dao.AdminMapper.updateByPrimaryKeySelective]==> Parameters: teacher2(String), 管理员(String), DKl5s8a7qYCu+FsvltYM6ZiRHJ9+/hS+4CV8VoDKXEJLfG/hdPkxkwEAUnbWEMPrtfWQWeBhIVBmJxLvFLYA04CIzCwrrpADD9F4lcywn6jD4oN9MvZ8NJTcAE6QDuVbcTTRYvtkn9cgC9ROWxHtf/LcZ3/jXbbCFLj8aDbsYlM=(String), 3(Integer), 2(Integer), 6(Integer)
[DEBUG] [2021-05-07 00:39:27][org.apache.ibatis.transaction.jdbc.JdbcTransaction]Committing JDBC Connection [com.mysql.jdbc.JDBC4Connection@614ddd49]
[DEBUG] [2021-05-07 00:39:27][com.stu.dao.AdminMapper.selectByPrimaryKey]ooo Using Connection [com.mysql.jdbc.JDBC4Connection@614ddd49]
[DEBUG] [2021-05-07 00:39:27][com.stu.dao.AdminMapper.selectByPrimaryKey]==>  Preparing: select id, username, `name`, `password`, `type`, teacherId from `admin` where id = ? 
[DEBUG] [2021-05-07 00:39:27][com.stu.dao.AdminMapper.selectByPrimaryKey]==> Parameters: 7(Integer)
[DEBUG] [2021-05-07 00:39:27][com.stu.dao.AdminMapper.updateByPrimaryKeySelective]ooo Using Connection [com.mysql.jdbc.JDBC4Connection@614ddd49]
[DEBUG] [2021-05-07 00:39:27][com.stu.dao.AdminMapper.updateByPrimaryKeySelective]==>  Preparing: update `admin` SET username = ?, `name` = ?, `password` = ?, `type` = ?, teacherId = ? where id = ? 
[DEBUG] [2021-05-07 00:39:27][com.stu.dao.AdminMapper.updateByPrimaryKeySelective]==> Parameters: teacher3(String), 管理员(String), PTYSohnzQWCwsm7Bb0WN/N1X5moSm8QgYnx12APuAiGtz0xpJGRcuASwutm28sdqbaRjkzBsPSHn6kp7eW7GocVXypKC7u0FRgV3+G2ySG/wLwVbp4Tlp2ghb/ISi51TzAYfMrMEgj6DTJhwJ8V/hoFbOuTv4ekxvehM0eGacIg=(String), 3(Integer), 3(Integer), 7(Integer)
[DEBUG] [2021-05-07 00:39:27][org.apache.ibatis.transaction.jdbc.JdbcTransaction]Committing JDBC Connection [com.mysql.jdbc.JDBC4Connection@614ddd49]
[DEBUG] [2021-05-07 00:39:27][com.stu.dao.AdminMapper.selectByPrimaryKey]ooo Using Connection [com.mysql.jdbc.JDBC4Connection@614ddd49]
[DEBUG] [2021-05-07 00:39:27][com.stu.dao.AdminMapper.selectByPrimaryKey]==>  Preparing: select id, username, `name`, `password`, `type`, teacherId from `admin` where id = ? 
[DEBUG] [2021-05-07 00:39:27][com.stu.dao.AdminMapper.selectByPrimaryKey]==> Parameters: 8(Integer)
[DEBUG] [2021-05-07 00:39:27][com.stu.dao.AdminMapper.updateByPrimaryKeySelective]ooo Using Connection [com.mysql.jdbc.JDBC4Connection@614ddd49]
[DEBUG] [2021-05-07 00:39:27][com.stu.dao.AdminMapper.updateByPrimaryKeySelective]==>  Preparing: update `admin` SET username = ?, `name` = ?, `password` = ?, `type` = ?, teacherId = ? where id = ? 
[DEBUG] [2021-05-07 00:39:27][com.stu.dao.AdminMapper.updateByPrimaryKeySelective]==> Parameters: teacher4(String), 管理员(String), h/9xaDkyS+2YMeXWLV2tRFCXw0bSaZfWZ2P2eFxNrL90q0QB6ieqLx3JJUMYvZ5fGLSsZCCdz2Dues0kNTF87on88vUr7HEFvavU65jNfhfzYE6sq8FcXunBkPRkOFV9ezdvbEGBtJk2HXUAKT4Uj+zdpAPa311lMtqDlYdisF0=(String), 3(Integer), 4(Integer), 8(Integer)
[DEBUG] [2021-05-07 00:39:27][org.apache.ibatis.transaction.jdbc.JdbcTransaction]Committing JDBC Connection [com.mysql.jdbc.JDBC4Connection@614ddd49]
[DEBUG] [2021-05-07 00:39:27][com.stu.dao.AdminMapper.selectByPrimaryKey]ooo Using Connection [com.mysql.jdbc.JDBC4Connection@614ddd49]
[DEBUG] [2021-05-07 00:39:27][com.stu.dao.AdminMapper.selectByPrimaryKey]==>  Preparing: select id, username, `name`, `password`, `type`, teacherId from `admin` where id = ? 
[DEBUG] [2021-05-07 00:39:27][com.stu.dao.AdminMapper.selectByPrimaryKey]==> Parameters: 9(Integer)
[DEBUG] [2021-05-07 00:39:27][com.stu.dao.AdminMapper.updateByPrimaryKeySelective]ooo Using Connection [com.mysql.jdbc.JDBC4Connection@614ddd49]
[DEBUG] [2021-05-07 00:39:27][com.stu.dao.AdminMapper.updateByPrimaryKeySelective]==>  Preparing: update `admin` SET username = ?, `name` = ?, `password` = ?, `type` = ?, teacherId = ? where id = ? 
[DEBUG] [2021-05-07 00:39:27][com.stu.dao.AdminMapper.updateByPrimaryKeySelective]==> Parameters: teacher5(String), 管理员(String), G1fNzRFvdWFPtfFCTtRwJJV0Zrs6zDpGLwqGLjKMuZmOvNyjtM7NDDDmyPiKcs/AVeI4w59IxI+Kpk4cs0zWB1O1tOzedAT31kNor9jsG3tAj6yVzyD8eS3QAz6Cxm4jcxMwBv2zzNCzUOfm1kAs8MQgbPV0Dk8djrwUhD33JU4=(String), 3(Integer), 5(Integer), 9(Integer)
[DEBUG] [2021-05-07 00:39:27][org.apache.ibatis.transaction.jdbc.JdbcTransaction]Committing JDBC Connection [com.mysql.jdbc.JDBC4Connection@614ddd49]
[DEBUG] [2021-05-07 00:39:27][com.stu.dao.AdminMapper.selectByPrimaryKey]ooo Using Connection [com.mysql.jdbc.JDBC4Connection@614ddd49]
[DEBUG] [2021-05-07 00:39:27][com.stu.dao.AdminMapper.selectByPrimaryKey]==>  Preparing: select id, username, `name`, `password`, `type`, teacherId from `admin` where id = ? 
[DEBUG] [2021-05-07 00:39:27][com.stu.dao.AdminMapper.selectByPrimaryKey]==> Parameters: 10(Integer)
[DEBUG] [2021-05-07 00:39:27][com.stu.dao.AdminMapper.updateByPrimaryKeySelective]ooo Using Connection [com.mysql.jdbc.JDBC4Connection@614ddd49]
[DEBUG] [2021-05-07 00:39:27][com.stu.dao.AdminMapper.updateByPrimaryKeySelective]==>  Preparing: update `admin` SET username = ?, `name` = ?, `password` = ?, `type` = ?, teacherId = ? where id = ? 
[DEBUG] [2021-05-07 00:39:27][com.stu.dao.AdminMapper.updateByPrimaryKeySelective]==> Parameters: teacher6(String), 管理员(String), bJm6aXLRZWuLwBLnTEL+I3OC9rKvXqkd+IeVI99Wg2flF+pLiZVNipi39LU5CiYFDsnv9vZO/VwZLRPOvZ8ZucPDaC2N71uNkZylXcFWzsdO59IfLT2h5qo34vDPq+W9lB9mc6L3Jl7gBgyrayjsLRcEhKt9WdtRH2jHs47Ri8U=(String), 3(Integer), 6(Integer), 10(Integer)
[DEBUG] [2021-05-07 00:39:27][org.apache.ibatis.transaction.jdbc.JdbcTransaction]Committing JDBC Connection [com.mysql.jdbc.JDBC4Connection@614ddd49]
[DEBUG] [2021-05-07 00:39:27][com.stu.dao.AdminMapper.selectByPrimaryKey]ooo Using Connection [com.mysql.jdbc.JDBC4Connection@614ddd49]
[DEBUG] [2021-05-07 00:39:27][com.stu.dao.AdminMapper.selectByPrimaryKey]==>  Preparing: select id, username, `name`, `password`, `type`, teacherId from `admin` where id = ? 
[DEBUG] [2021-05-07 00:39:27][com.stu.dao.AdminMapper.selectByPrimaryKey]==> Parameters: 11(Integer)
[DEBUG] [2021-05-07 00:39:27][com.stu.dao.AdminMapper.updateByPrimaryKeySelective]ooo Using Connection [com.mysql.jdbc.JDBC4Connection@614ddd49]
[DEBUG] [2021-05-07 00:39:27][com.stu.dao.AdminMapper.updateByPrimaryKeySelective]==>  Preparing: update `admin` SET username = ?, `name` = ?, `password` = ?, `type` = ?, teacherId = ? where id = ? 
[DEBUG] [2021-05-07 00:39:27][com.stu.dao.AdminMapper.updateByPrimaryKeySelective]==> Parameters: teacher7(String), 管理员(String), rkLdc2HUFzlxRhat2c6wMqde+ePpISMHo5uGAO2bo1WDpa4FSY98HaIp/3QWO16qRsxzyIFqyq/Zan9idpHJQLHimy46vvPOrj6NfTjm3CXKcFBKoymPwGB83IZoq2yFQLFE+yvsC1kAc0nZp1liOxNLLH93+2xplObwy48x9H8=(String), 3(Integer), 7(Integer), 11(Integer)
[DEBUG] [2021-05-07 00:39:27][org.apache.ibatis.transaction.jdbc.JdbcTransaction]Committing JDBC Connection [com.mysql.jdbc.JDBC4Connection@614ddd49]
[DEBUG] [2021-05-07 00:39:27][com.stu.dao.AdminMapper.selectByPrimaryKey]ooo Using Connection [com.mysql.jdbc.JDBC4Connection@614ddd49]
[DEBUG] [2021-05-07 00:39:27][com.stu.dao.AdminMapper.selectByPrimaryKey]==>  Preparing: select id, username, `name`, `password`, `type`, teacherId from `admin` where id = ? 
[DEBUG] [2021-05-07 00:39:27][com.stu.dao.AdminMapper.selectByPrimaryKey]==> Parameters: 12(Integer)
[DEBUG] [2021-05-07 00:39:27][com.stu.dao.AdminMapper.updateByPrimaryKeySelective]ooo Using Connection [com.mysql.jdbc.JDBC4Connection@614ddd49]
[DEBUG] [2021-05-07 00:39:27][com.stu.dao.AdminMapper.updateByPrimaryKeySelective]==>  Preparing: update `admin` SET username = ?, `name` = ?, `password` = ?, `type` = ?, teacherId = ? where id = ? 
[DEBUG] [2021-05-07 00:39:27][com.stu.dao.AdminMapper.updateByPrimaryKeySelective]==> Parameters: teacher8(String), 管理员(String), WE7Um9vHJFFaoJN7xQhvuwF0ZqnjdlgbCfYMwh5wDI8QYsJWMH8ycXRSxC2vh/XfMNrV+qsiPiGD05q3eyKMT5b5EMoDRgAb0+qlUyK25RNWJ+Bbw4Ul3wX9ZSv4ED6U6HpCowFXE+5gs9fedK4C++ErbvAmkmwSAHTrSIzqoDE=(String), 3(Integer), 8(Integer), 12(Integer)
[DEBUG] [2021-05-07 00:39:27][org.apache.ibatis.transaction.jdbc.JdbcTransaction]Committing JDBC Connection [com.mysql.jdbc.JDBC4Connection@614ddd49]
[DEBUG] [2021-05-07 00:39:27][com.stu.dao.AdminMapper.selectByPrimaryKey]ooo Using Connection [com.mysql.jdbc.JDBC4Connection@614ddd49]
[DEBUG] [2021-05-07 00:39:27][com.stu.dao.AdminMapper.selectByPrimaryKey]==>  Preparing: select id, username, `name`, `password`, `type`, teacherId from `admin` where id = ? 
[DEBUG] [2021-05-07 00:39:27][com.stu.dao.AdminMapper.selectByPrimaryKey]==> Parameters: 13(Integer)
[DEBUG] [2021-05-07 00:39:27][com.stu.dao.AdminMapper.updateByPrimaryKeySelective]ooo Using Connection [com.mysql.jdbc.JDBC4Connection@614ddd49]
[DEBUG] [2021-05-07 00:39:27][com.stu.dao.AdminMapper.updateByPrimaryKeySelective]==>  Preparing: update `admin` SET username = ?, `name` = ?, `password` = ?, `type` = ?, teacherId = ? where id = ? 
[DEBUG] [2021-05-07 00:39:27][com.stu.dao.AdminMapper.updateByPrimaryKeySelective]==> Parameters: teacher9(String), 管理员(String), G3EICxdP7+B2ZzkpmFEhd7YGwWZZFa0Py8/9/Yd43DxB+k6Gp+pYSG/3jf4anHrQObTDKljv4+d6X66aWUZmNMxL36HtXQDJhO23lnnJNbq6MZUwtxvO2jCgxakc4KIt71X+Ij6Yf/aVjzRwWKBRHvljqKBkp+u12aYj24HL9co=(String), 3(Integer), 9(Integer), 13(Integer)
[DEBUG] [2021-05-07 00:39:27][org.apache.ibatis.transaction.jdbc.JdbcTransaction]Committing JDBC Connection [com.mysql.jdbc.JDBC4Connection@614ddd49]
[DEBUG] [2021-05-07 00:39:27][com.stu.dao.AdminMapper.selectByPrimaryKey]ooo Using Connection [com.mysql.jdbc.JDBC4Connection@614ddd49]
[DEBUG] [2021-05-07 00:39:27][com.stu.dao.AdminMapper.selectByPrimaryKey]==>  Preparing: select id, username, `name`, `password`, `type`, teacherId from `admin` where id = ? 
[DEBUG] [2021-05-07 00:39:27][com.stu.dao.AdminMapper.selectByPrimaryKey]==> Parameters: 14(Integer)
[DEBUG] [2021-05-07 00:39:27][com.stu.dao.AdminMapper.updateByPrimaryKeySelective]ooo Using Connection [com.mysql.jdbc.JDBC4Connection@614ddd49]
[DEBUG] [2021-05-07 00:39:27][com.stu.dao.AdminMapper.updateByPrimaryKeySelective]==>  Preparing: update `admin` SET username = ?, `name` = ?, `password` = ?, `type` = ?, teacherId = ? where id = ? 
[DEBUG] [2021-05-07 00:39:27][com.stu.dao.AdminMapper.updateByPrimaryKeySelective]==> Parameters: teacher10(String), 管理员(String), BkqxwKJCZpQltDzz0SD11eHdlSa/DKVnfj0Vjhl/bDFAn1AxkneZTFchwJGelL7ghKbtaqCguuhDldnoHZGCcd/dMqIVQhTszwHqyWdXtS3EEBRePeDkCwhWTTMnMZn1RdWT1Z2W2CqL20Jh+TqdHP4U+WHrZgs7m8JLJ2+SJUE=(String), 3(Integer), 10(Integer), 14(Integer)
[DEBUG] [2021-05-07 00:39:27][org.apache.ibatis.transaction.jdbc.JdbcTransaction]Committing JDBC Connection [com.mysql.jdbc.JDBC4Connection@614ddd49]
[DEBUG] [2021-05-07 00:39:27][com.stu.dao.AdminMapper.selectByPrimaryKey]ooo Using Connection [com.mysql.jdbc.JDBC4Connection@614ddd49]
[DEBUG] [2021-05-07 00:39:27][com.stu.dao.AdminMapper.selectByPrimaryKey]==>  Preparing: select id, username, `name`, `password`, `type`, teacherId from `admin` where id = ? 
[DEBUG] [2021-05-07 00:39:27][com.stu.dao.AdminMapper.selectByPrimaryKey]==> Parameters: 15(Integer)
[DEBUG] [2021-05-07 00:39:27][com.stu.dao.AdminMapper.updateByPrimaryKeySelective]ooo Using Connection [com.mysql.jdbc.JDBC4Connection@614ddd49]
[DEBUG] [2021-05-07 00:39:27][com.stu.dao.AdminMapper.updateByPrimaryKeySelective]==>  Preparing: update `admin` SET username = ?, `name` = ?, `password` = ?, `type` = ?, teacherId = ? where id = ? 
[DEBUG] [2021-05-07 00:39:27][com.stu.dao.AdminMapper.updateByPrimaryKeySelective]==> Parameters: teacher11(String), 管理员(String), SQ7slFAopYiVUYQspMEl7MHc1ImoeAbvl0W7l+IJRrOW2QvGZcy6GY9/LwWmy7O2OTLd/Y/zWZHwOzpnnN1igJnqwG9PXUB0BvqViVI+CU3PtUu6PMIpeL51/ogZF3LDq9HXzXTBm+AlZ/gZ0hOLFEEO26utjKyU28sSFhHhgd8=(String), 3(Integer), 11(Integer), 15(Integer)
[DEBUG] [2021-05-07 00:39:27][org.apache.ibatis.transaction.jdbc.JdbcTransaction]Committing JDBC Connection [com.mysql.jdbc.JDBC4Connection@614ddd49]
[DEBUG] [2021-05-07 00:39:27][com.stu.dao.AdminMapper.selectByPrimaryKey]ooo Using Connection [com.mysql.jdbc.JDBC4Connection@614ddd49]
[DEBUG] [2021-05-07 00:39:27][com.stu.dao.AdminMapper.selectByPrimaryKey]==>  Preparing: select id, username, `name`, `password`, `type`, teacherId from `admin` where id = ? 
[DEBUG] [2021-05-07 00:39:27][com.stu.dao.AdminMapper.selectByPrimaryKey]==> Parameters: 16(Integer)
[DEBUG] [2021-05-07 00:39:27][com.stu.dao.AdminMapper.updateByPrimaryKeySelective]ooo Using Connection [com.mysql.jdbc.JDBC4Connection@614ddd49]
[DEBUG] [2021-05-07 00:39:27][com.stu.dao.AdminMapper.updateByPrimaryKeySelective]==>  Preparing: update `admin` SET username = ?, `name` = ?, `password` = ?, `type` = ?, teacherId = ? where id = ? 
[DEBUG] [2021-05-07 00:39:27][com.stu.dao.AdminMapper.updateByPrimaryKeySelective]==> Parameters: teacher12(String), 管理员(String), iw0wUYDDorWvWp/PQdI4GcWwUshOnrpTjcmY4mq4c7l1alKWZMNYhtnTDUUXsjI09aibvZlR7ZZnfjHg6vW50brIYdeVUVw/px+uJRFkp/EwnFn0zCThG3UGbBtarH4fEwMnw2t2RIrtlyMJGhX7uSfsU1cRxiuw1tDjHbl9XYM=(String), 3(Integer), 12(Integer), 16(Integer)
[DEBUG] [2021-05-07 00:39:27][org.apache.ibatis.transaction.jdbc.JdbcTransaction]Committing JDBC Connection [com.mysql.jdbc.JDBC4Connection@614ddd49]
[DEBUG] [2021-05-07 00:39:27][com.stu.dao.AdminMapper.selectByPrimaryKey]ooo Using Connection [com.mysql.jdbc.JDBC4Connection@614ddd49]
[DEBUG] [2021-05-07 00:39:27][com.stu.dao.AdminMapper.selectByPrimaryKey]==>  Preparing: select id, username, `name`, `password`, `type`, teacherId from `admin` where id = ? 
[DEBUG] [2021-05-07 00:39:27][com.stu.dao.AdminMapper.selectByPrimaryKey]==> Parameters: 17(Integer)
[DEBUG] [2021-05-07 00:39:27][com.stu.dao.AdminMapper.updateByPrimaryKeySelective]ooo Using Connection [com.mysql.jdbc.JDBC4Connection@614ddd49]
[DEBUG] [2021-05-07 00:39:27][com.stu.dao.AdminMapper.updateByPrimaryKeySelective]==>  Preparing: update `admin` SET username = ?, `name` = ?, `password` = ?, `type` = ?, teacherId = ? where id = ? 
[DEBUG] [2021-05-07 00:39:27][com.stu.dao.AdminMapper.updateByPrimaryKeySelective]==> Parameters: teacher13(String), 管理员(String), pJk+tYU0XGdih0zrKpOxWm9SuJvJE/B9aP4LvWOhF3DRsPdThqrxeG2VpeBGXky3AB7N6YVCWqgDp13DvbgDl45Ijx+SwHSnTlY4jis3n57xjKG6g0aE6HxwJp0q5GcNqyDnhcdsj4WA4AJ9IVOA/5RThpnpjcRXdle+v3TcH5Y=(String), 3(Integer), 13(Integer), 17(Integer)
[DEBUG] [2021-05-07 00:39:27][org.apache.ibatis.transaction.jdbc.JdbcTransaction]Committing JDBC Connection [com.mysql.jdbc.JDBC4Connection@614ddd49]
[DEBUG] [2021-05-07 00:39:27][com.stu.dao.AdminMapper.selectByPrimaryKey]ooo Using Connection [com.mysql.jdbc.JDBC4Connection@614ddd49]
[DEBUG] [2021-05-07 00:39:27][com.stu.dao.AdminMapper.selectByPrimaryKey]==>  Preparing: select id, username, `name`, `password`, `type`, teacherId from `admin` where id = ? 
[DEBUG] [2021-05-07 00:39:27][com.stu.dao.AdminMapper.selectByPrimaryKey]==> Parameters: 18(Integer)
[DEBUG] [2021-05-07 00:39:27][com.stu.dao.AdminMapper.updateByPrimaryKeySelective]ooo Using Connection [com.mysql.jdbc.JDBC4Connection@614ddd49]
[DEBUG] [2021-05-07 00:39:27][com.stu.dao.AdminMapper.updateByPrimaryKeySelective]==>  Preparing: update `admin` SET username = ?, `name` = ?, `password` = ?, `type` = ?, teacherId = ? where id = ? 
[DEBUG] [2021-05-07 00:39:27][com.stu.dao.AdminMapper.updateByPrimaryKeySelective]==> Parameters: teacher14(String), 管理员(String), NePR81B/41Wttu2FN4dGd8BewLV/0Vkkbhan+TiW64hsJj0b0XSUca3jGih8+RnCuaSS7S7klCM4OneOhs8lFSb4Z0+d61rZtiVurAlrOc66MUqPU6RdL4ZZJffE+MJyaHLtO3aOrU4wdSJcRtb7WnjCtR9K4bVY0MDcUkp3obY=(String), 3(Integer), 14(Integer), 18(Integer)
[DEBUG] [2021-05-07 00:39:27][org.apache.ibatis.transaction.jdbc.JdbcTransaction]Committing JDBC Connection [com.mysql.jdbc.JDBC4Connection@614ddd49]
[DEBUG] [2021-05-07 00:39:27][com.stu.dao.AdminMapper.selectByPrimaryKey]ooo Using Connection [com.mysql.jdbc.JDBC4Connection@614ddd49]
[DEBUG] [2021-05-07 00:39:27][com.stu.dao.AdminMapper.selectByPrimaryKey]==>  Preparing: select id, username, `name`, `password`, `type`, teacherId from `admin` where id = ? 
[DEBUG] [2021-05-07 00:39:27][com.stu.dao.AdminMapper.selectByPrimaryKey]==> Parameters: 19(Integer)
[DEBUG] [2021-05-07 00:39:27][com.stu.dao.AdminMapper.updateByPrimaryKeySelective]ooo Using Connection [com.mysql.jdbc.JDBC4Connection@614ddd49]
[DEBUG] [2021-05-07 00:39:27][com.stu.dao.AdminMapper.updateByPrimaryKeySelective]==>  Preparing: update `admin` SET username = ?, `name` = ?, `password` = ?, `type` = ?, teacherId = ? where id = ? 
[DEBUG] [2021-05-07 00:39:27][com.stu.dao.AdminMapper.updateByPrimaryKeySelective]==> Parameters: teacher15(String), 管理员(String), skWCJU6FD3Ny6iTsVTFOdlr+r9dZnl/ziA9+2669OEAnEu0fH644b1JurK1OoB1igI9Jq2+1hwXFyGP6sks1iu+1n+5wWvJie/opsfOu7EzfBOBRPnnuuy0s3A8Am0zV9eMm37/+HKscTFuyuJ53fLxv1WwigUgnzPuZrn/Ll0o=(String), 3(Integer), 15(Integer), 19(Integer)
[DEBUG] [2021-05-07 00:39:27][org.apache.ibatis.transaction.jdbc.JdbcTransaction]Committing JDBC Connection [com.mysql.jdbc.JDBC4Connection@614ddd49]
[DEBUG] [2021-05-07 00:39:27][com.stu.dao.AdminMapper.selectByPrimaryKey]ooo Using Connection [com.mysql.jdbc.JDBC4Connection@614ddd49]
[DEBUG] [2021-05-07 00:39:27][com.stu.dao.AdminMapper.selectByPrimaryKey]==>  Preparing: select id, username, `name`, `password`, `type`, teacherId from `admin` where id = ? 
[DEBUG] [2021-05-07 00:39:27][com.stu.dao.AdminMapper.selectByPrimaryKey]==> Parameters: 20(Integer)
[DEBUG] [2021-05-07 00:39:27][com.stu.dao.AdminMapper.updateByPrimaryKeySelective]ooo Using Connection [com.mysql.jdbc.JDBC4Connection@614ddd49]
[DEBUG] [2021-05-07 00:39:27][com.stu.dao.AdminMapper.updateByPrimaryKeySelective]==>  Preparing: update `admin` SET username = ?, `name` = ?, `password` = ?, `type` = ?, teacherId = ? where id = ? 
[DEBUG] [2021-05-07 00:39:27][com.stu.dao.AdminMapper.updateByPrimaryKeySelective]==> Parameters: teacher16(String), 管理员(String), lusr3ncj5nWcDssHWnGVQo8uVCW2AWdPKVPFXHgb/S0A0/LlnCCZonCfrZ0U1bcYNNsEuwQko5zNxLEFzlNIcT9rY2EQ4uL8JPPVeshwBcfJc2AvTKHnf2s30Q6YSuyVkUKGVemuHbDO+OK/nzooNNeHlPfe2oKwzcX+bqxWp/A=(String), 3(Integer), 16(Integer), 20(Integer)
[DEBUG] [2021-05-07 00:39:27][org.apache.ibatis.transaction.jdbc.JdbcTransaction]Committing JDBC Connection [com.mysql.jdbc.JDBC4Connection@614ddd49]
[DEBUG] [2021-05-07 00:39:27][com.stu.dao.AdminMapper.selectByPrimaryKey]ooo Using Connection [com.mysql.jdbc.JDBC4Connection@614ddd49]
[DEBUG] [2021-05-07 00:39:27][com.stu.dao.AdminMapper.selectByPrimaryKey]==>  Preparing: select id, username, `name`, `password`, `type`, teacherId from `admin` where id = ? 
[DEBUG] [2021-05-07 00:39:27][com.stu.dao.AdminMapper.selectByPrimaryKey]==> Parameters: 21(Integer)
[DEBUG] [2021-05-07 00:39:27][com.stu.dao.AdminMapper.updateByPrimaryKeySelective]ooo Using Connection [com.mysql.jdbc.JDBC4Connection@614ddd49]
[DEBUG] [2021-05-07 00:39:27][com.stu.dao.AdminMapper.updateByPrimaryKeySelective]==>  Preparing: update `admin` SET username = ?, `name` = ?, `password` = ?, `type` = ?, teacherId = ? where id = ? 
[DEBUG] [2021-05-07 00:39:27][com.stu.dao.AdminMapper.updateByPrimaryKeySelective]==> Parameters: teacher17(String), 管理员(String), n2DjPlwTvxtsbH/Ge6/LLgZC/v+SoLtD3iaafmb44hyPiTBbobit7qJ3EXyYRFlZNMQvYeHf5qT7Kmu/6label0f/4n4sBmHbvnez+KXfZcTutBT3GpvwiosrbcFuigozid2Nd1CHM17/roZhFCCsRNEc8CV27osKobvCoq8BhY=(String), 3(Integer), 17(Integer), 21(Integer)
[DEBUG] [2021-05-07 00:39:27][org.apache.ibatis.transaction.jdbc.JdbcTransaction]Committing JDBC Connection [com.mysql.jdbc.JDBC4Connection@614ddd49]
[DEBUG] [2021-05-07 00:39:27][org.apache.ibatis.transaction.jdbc.JdbcTransaction]Resetting autocommit to true on JDBC Connection [com.mysql.jdbc.JDBC4Connection@614ddd49]
[DEBUG] [2021-05-07 00:39:27][org.apache.ibatis.transaction.jdbc.JdbcTransaction]Closing JDBC Connection [com.mysql.jdbc.JDBC4Connection@614ddd49]
[DEBUG] [2021-05-07 00:39:27][org.apache.ibatis.datasource.pooled.PooledDataSource]Returned connection 1632492873 to pool.
[DEBUG] [2021-05-07 00:51:25][org.apache.ibatis.logging.LogFactory]Logging initialized using 'class org.apache.ibatis.logging.slf4j.Slf4jImpl' adapter.
[DEBUG] [2021-05-07 00:51:25][org.apache.ibatis.datasource.pooled.PooledDataSource]PooledDataSource forcefully closed/removed all connections.
[DEBUG] [2021-05-07 00:51:25][org.apache.ibatis.datasource.pooled.PooledDataSource]PooledDataSource forcefully closed/removed all connections.
[DEBUG] [2021-05-07 00:51:25][org.apache.ibatis.datasource.pooled.PooledDataSource]PooledDataSource forcefully closed/removed all connections.
[DEBUG] [2021-05-07 00:51:25][org.apache.ibatis.datasource.pooled.PooledDataSource]PooledDataSource forcefully closed/removed all connections.
[DEBUG] [2021-05-07 00:51:25][org.apache.ibatis.transaction.jdbc.JdbcTransaction]Opening JDBC Connection
[DEBUG] [2021-05-07 00:51:26][org.apache.ibatis.datasource.pooled.PooledDataSource]Created connection 1632492873.
[DEBUG] [2021-05-07 00:51:26][com.stu.dao.UserMapper.selectByPrimaryKey]ooo Using Connection [com.mysql.jdbc.JDBC4Connection@614ddd49]
[DEBUG] [2021-05-07 00:51:26][com.stu.dao.UserMapper.selectByPrimaryKey]==>  Preparing: select id, username, `password`, stuId, `reset` from `user` where id = ? 
[DEBUG] [2021-05-07 00:51:26][com.stu.dao.UserMapper.selectByPrimaryKey]==> Parameters: 6(Integer)
[DEBUG] [2021-05-07 00:51:26][com.stu.dao.UserMapper.updateByPrimaryKeySelective]ooo Using Connection [com.mysql.jdbc.JDBC4Connection@614ddd49]
[DEBUG] [2021-05-07 00:51:26][com.stu.dao.UserMapper.updateByPrimaryKeySelective]==>  Preparing: update `user` SET username = ?, `password` = ?, stuId = ?, `reset` = ? where id = ? 
[DEBUG] [2021-05-07 00:51:26][com.stu.dao.UserMapper.updateByPrimaryKeySelective]==> Parameters: 17050506116(String), pQKjRAoJl8t3v4C0A4LdYlL2zY1UN3K0MUpq4c7TVl7wcFka0ZW57Uiz54CchfCZefGNbUGziaEU1sHw3zNrv1aeAQLl0PfQYqBiDWQKa4vjx8G9m73JIi6TOhTCpzkV+KeA67dHGSelcOk52cj1D1E4Tlz2/ojVrASUE/psSzA=(String), 34(Integer), 1(String), 6(Integer)
[DEBUG] [2021-05-07 00:51:26][com.stu.dao.UserMapper.selectByPrimaryKey]ooo Using Connection [com.mysql.jdbc.JDBC4Connection@614ddd49]
[DEBUG] [2021-05-07 00:51:26][com.stu.dao.UserMapper.selectByPrimaryKey]==>  Preparing: select id, username, `password`, stuId, `reset` from `user` where id = ? 
[DEBUG] [2021-05-07 00:51:26][com.stu.dao.UserMapper.selectByPrimaryKey]==> Parameters: 7(Integer)
[DEBUG] [2021-05-07 00:51:26][com.stu.dao.UserMapper.updateByPrimaryKeySelective]ooo Using Connection [com.mysql.jdbc.JDBC4Connection@614ddd49]
[DEBUG] [2021-05-07 00:51:26][com.stu.dao.UserMapper.updateByPrimaryKeySelective]==>  Preparing: update `user` SET username = ?, `password` = ?, stuId = ?, `reset` = ? where id = ? 
[DEBUG] [2021-05-07 00:51:26][com.stu.dao.UserMapper.updateByPrimaryKeySelective]==> Parameters: 123(String), UxJ90PGhiR3g1lDhcxoHliAyVnQqqjMq7mS7VXBbFkenZsoKQdMdSEixJC3EMHaOiNyr2VqbXXfKzycoxG6c43Hv2THrD0rbX5vha+TEYO+ApAmbayKjD0IAdwrASSXzGAeEsnZHPjHCKsIyHz7YnQOc3L8EgVcZUtyVVwgN9UQ=(String), 33(Integer), 1(String), 7(Integer)
[DEBUG] [2021-05-07 00:51:26][com.stu.dao.UserMapper.selectByPrimaryKey]ooo Using Connection [com.mysql.jdbc.JDBC4Connection@614ddd49]
[DEBUG] [2021-05-07 00:51:26][com.stu.dao.UserMapper.selectByPrimaryKey]==>  Preparing: select id, username, `password`, stuId, `reset` from `user` where id = ? 
[DEBUG] [2021-05-07 00:51:26][com.stu.dao.UserMapper.selectByPrimaryKey]==> Parameters: 9(Integer)
[DEBUG] [2021-05-07 00:51:26][com.stu.dao.UserMapper.updateByPrimaryKeySelective]ooo Using Connection [com.mysql.jdbc.JDBC4Connection@614ddd49]
[DEBUG] [2021-05-07 00:51:26][com.stu.dao.UserMapper.updateByPrimaryKeySelective]==>  Preparing: update `user` SET username = ?, `password` = ?, stuId = ?, `reset` = ? where id = ? 
[DEBUG] [2021-05-07 00:51:26][com.stu.dao.UserMapper.updateByPrimaryKeySelective]==> Parameters: 17060606125(String), aI2rXPDQhS/Qkt5xFyJ/e5hlSlJQhxgV6rkQ3xvh1XGqjBDdPxSTklo4eqSHxJOPBsIqijrnWAdaw0DJH7h44zF9CqWF1rWXPGwBCKtdakYrdWrbzJs1Bd79fubFhqk1v/8bNKmGQgLvlloSWdTgEUMgDDdQlH1sndg8Nz1+2W4=(String), 37(Integer), 1(String), 9(Integer)
[DEBUG] [2021-05-07 00:51:26][com.stu.dao.UserMapper.selectByPrimaryKey]ooo Using Connection [com.mysql.jdbc.JDBC4Connection@614ddd49]
[DEBUG] [2021-05-07 00:51:26][com.stu.dao.UserMapper.selectByPrimaryKey]==>  Preparing: select id, username, `password`, stuId, `reset` from `user` where id = ? 
[DEBUG] [2021-05-07 00:51:26][com.stu.dao.UserMapper.selectByPrimaryKey]==> Parameters: 10(Integer)
[DEBUG] [2021-05-07 00:51:26][com.stu.dao.UserMapper.updateByPrimaryKeySelective]ooo Using Connection [com.mysql.jdbc.JDBC4Connection@614ddd49]
[DEBUG] [2021-05-07 00:51:26][com.stu.dao.UserMapper.updateByPrimaryKeySelective]==>  Preparing: update `user` SET username = ?, `password` = ?, stuId = ?, `reset` = ? where id = ? 
[DEBUG] [2021-05-07 00:51:26][com.stu.dao.UserMapper.updateByPrimaryKeySelective]==> Parameters: 17050506126(String), nteie4UqlaMl/IRytAPsP6y3PoXZew8k79vw1bCZ+kfEghSnmJzoXHOtuOEgarKaHR6SbfPc4lqEaS7Ae6A8V9F1AQioDxc4iy7G5ONYHIL4V1Mba7TMxEsiFMtRm/OO9PLPt+xsfkCWGo7mGM0T033wsPYKRzICCX2rppJUSl4=(String), 35(Integer), 0(String), 10(Integer)
[DEBUG] [2021-05-07 00:51:26][com.stu.dao.UserMapper.selectByPrimaryKey]ooo Using Connection [com.mysql.jdbc.JDBC4Connection@614ddd49]
[DEBUG] [2021-05-07 00:51:26][com.stu.dao.UserMapper.selectByPrimaryKey]==>  Preparing: select id, username, `password`, stuId, `reset` from `user` where id = ? 
[DEBUG] [2021-05-07 00:51:26][com.stu.dao.UserMapper.selectByPrimaryKey]==> Parameters: 11(Integer)
[DEBUG] [2021-05-07 00:51:26][com.stu.dao.UserMapper.updateByPrimaryKeySelective]ooo Using Connection [com.mysql.jdbc.JDBC4Connection@614ddd49]
[DEBUG] [2021-05-07 00:51:26][com.stu.dao.UserMapper.updateByPrimaryKeySelective]==>  Preparing: update `user` SET username = ?, `password` = ?, stuId = ?, `reset` = ? where id = ? 
[DEBUG] [2021-05-07 00:51:26][com.stu.dao.UserMapper.updateByPrimaryKeySelective]==> Parameters: 456(String), mJHxpop4xWKBDQJYLyCjq/ch6dlkxgAAcicmuPSreAeZCn3DxMthu+6BNmZ7xMivAv9S9QYXbZQs5BK+t8A3FQ8beWGefIEH/b+qRoErVJXvhhwCY8YmtKngWhkHXBQ9YTVJZZ7hNTMmq4wm/EzLuWMvBs7D3ZSezYj21dJergE=(String), 38(Integer), 0(String), 11(Integer)
[DEBUG] [2021-05-07 00:51:26][com.stu.dao.UserMapper.selectByPrimaryKey]ooo Using Connection [com.mysql.jdbc.JDBC4Connection@614ddd49]
[DEBUG] [2021-05-07 00:51:26][com.stu.dao.UserMapper.selectByPrimaryKey]==>  Preparing: select id, username, `password`, stuId, `reset` from `user` where id = ? 
[DEBUG] [2021-05-07 00:51:26][com.stu.dao.UserMapper.selectByPrimaryKey]==> Parameters: 12(Integer)
[DEBUG] [2021-05-07 00:51:26][com.stu.dao.UserMapper.updateByPrimaryKeySelective]ooo Using Connection [com.mysql.jdbc.JDBC4Connection@614ddd49]
[DEBUG] [2021-05-07 00:51:26][com.stu.dao.UserMapper.updateByPrimaryKeySelective]==>  Preparing: update `user` SET username = ?, `password` = ?, stuId = ?, `reset` = ? where id = ? 
[DEBUG] [2021-05-07 00:51:26][com.stu.dao.UserMapper.updateByPrimaryKeySelective]==> Parameters: lyh(String), ATIXtDT/Yk6DJ0+oFmNzJqNUNyyoGv9ny/bauBsF7ksoa7fxkY09qcZZNVhPpvA8VzvDkdRcAm8KPWHw9VrZ27TBrjYxxYHS+vbWT0w9+ibERLVitc+ppjV/C6p/dP4TEe0Xh7rO4RE+a5vTo35EsQFrcD5PS0WFkj+jwBxoUnE=(String), 36(Integer), 0(String), 12(Integer)
[DEBUG] [2021-05-07 00:51:26][org.apache.ibatis.transaction.jdbc.JdbcTransaction]Rolling back JDBC Connection [com.mysql.jdbc.JDBC4Connection@614ddd49]
[DEBUG] [2021-05-07 00:51:26][org.apache.ibatis.transaction.jdbc.JdbcTransaction]Resetting autocommit to true on JDBC Connection [com.mysql.jdbc.JDBC4Connection@614ddd49]
[DEBUG] [2021-05-07 00:51:26][org.apache.ibatis.transaction.jdbc.JdbcTransaction]Closing JDBC Connection [com.mysql.jdbc.JDBC4Connection@614ddd49]
[DEBUG] [2021-05-07 00:51:26][org.apache.ibatis.datasource.pooled.PooledDataSource]Returned connection 1632492873 to pool.
[DEBUG] [2021-05-07 00:52:12][org.apache.ibatis.logging.LogFactory]Logging initialized using 'class org.apache.ibatis.logging.slf4j.Slf4jImpl' adapter.
[DEBUG] [2021-05-07 00:52:12][org.apache.ibatis.datasource.pooled.PooledDataSource]PooledDataSource forcefully closed/removed all connections.
[DEBUG] [2021-05-07 00:52:12][org.apache.ibatis.datasource.pooled.PooledDataSource]PooledDataSource forcefully closed/removed all connections.
[DEBUG] [2021-05-07 00:52:12][org.apache.ibatis.datasource.pooled.PooledDataSource]PooledDataSource forcefully closed/removed all connections.
[DEBUG] [2021-05-07 00:52:12][org.apache.ibatis.datasource.pooled.PooledDataSource]PooledDataSource forcefully closed/removed all connections.
[DEBUG] [2021-05-07 00:52:12][org.apache.ibatis.transaction.jdbc.JdbcTransaction]Opening JDBC Connection
[DEBUG] [2021-05-07 00:52:12][org.apache.ibatis.datasource.pooled.PooledDataSource]Created connection 1632492873.
[DEBUG] [2021-05-07 00:52:12][com.stu.dao.UserMapper.selectByPrimaryKey]ooo Using Connection [com.mysql.jdbc.JDBC4Connection@614ddd49]
[DEBUG] [2021-05-07 00:52:12][com.stu.dao.UserMapper.selectByPrimaryKey]==>  Preparing: select id, username, `password`, stuId, `reset` from `user` where id = ? 
[DEBUG] [2021-05-07 00:52:12][com.stu.dao.UserMapper.selectByPrimaryKey]==> Parameters: 6(Integer)
[DEBUG] [2021-05-07 00:52:13][com.stu.dao.UserMapper.updateByPrimaryKeySelective]ooo Using Connection [com.mysql.jdbc.JDBC4Connection@614ddd49]
[DEBUG] [2021-05-07 00:52:13][com.stu.dao.UserMapper.updateByPrimaryKeySelective]==>  Preparing: update `user` SET username = ?, `password` = ?, stuId = ?, `reset` = ? where id = ? 
[DEBUG] [2021-05-07 00:52:13][com.stu.dao.UserMapper.updateByPrimaryKeySelective]==> Parameters: 17050506116(String), lMbemLtw9saJrNZzw7MTiDj5JLtgprgnPrck70ffHTjzvQef0uW5n2a8JSxfdK+ftSMgHPvu2bV8KRuRhbBnP1tZvpNJLYa7aA3AgAPDMW7XzzoEpgJU0gIgatdgoVfLufNqC1sU6eI6fP1V/3wYdf9dxLc/4bq96U9t7QJwVJA=(String), 34(Integer), 1(String), 6(Integer)
[DEBUG] [2021-05-07 00:52:13][org.apache.ibatis.transaction.jdbc.JdbcTransaction]Committing JDBC Connection [com.mysql.jdbc.JDBC4Connection@614ddd49]
[DEBUG] [2021-05-07 00:52:13][com.stu.dao.UserMapper.selectByPrimaryKey]ooo Using Connection [com.mysql.jdbc.JDBC4Connection@614ddd49]
[DEBUG] [2021-05-07 00:52:13][com.stu.dao.UserMapper.selectByPrimaryKey]==>  Preparing: select id, username, `password`, stuId, `reset` from `user` where id = ? 
[DEBUG] [2021-05-07 00:52:13][com.stu.dao.UserMapper.selectByPrimaryKey]==> Parameters: 7(Integer)
[DEBUG] [2021-05-07 00:52:13][com.stu.dao.UserMapper.updateByPrimaryKeySelective]ooo Using Connection [com.mysql.jdbc.JDBC4Connection@614ddd49]
[DEBUG] [2021-05-07 00:52:13][com.stu.dao.UserMapper.updateByPrimaryKeySelective]==>  Preparing: update `user` SET username = ?, `password` = ?, stuId = ?, `reset` = ? where id = ? 
[DEBUG] [2021-05-07 00:52:13][com.stu.dao.UserMapper.updateByPrimaryKeySelective]==> Parameters: 123(String), nyRHXlt+CwENsUR/vVRzQkW4/8b0SY2M7l/KNX875JVmhUyG3cKAbLxKChytw5S/kuZZLQ2QftJjDN/aWUEaIyFeMMfZ1M2cWWFIGP2rCiPdS0vjqEH8ON9WPvqV7D9kFt0cg0+yq4c5jLsGce2F5xhv+6/X7Xyy3LKwe5cuzJ8=(String), 33(Integer), 1(String), 7(Integer)
[DEBUG] [2021-05-07 00:52:13][org.apache.ibatis.transaction.jdbc.JdbcTransaction]Committing JDBC Connection [com.mysql.jdbc.JDBC4Connection@614ddd49]
[DEBUG] [2021-05-07 00:52:13][com.stu.dao.UserMapper.selectByPrimaryKey]ooo Using Connection [com.mysql.jdbc.JDBC4Connection@614ddd49]
[DEBUG] [2021-05-07 00:52:13][com.stu.dao.UserMapper.selectByPrimaryKey]==>  Preparing: select id, username, `password`, stuId, `reset` from `user` where id = ? 
[DEBUG] [2021-05-07 00:52:13][com.stu.dao.UserMapper.selectByPrimaryKey]==> Parameters: 9(Integer)
[DEBUG] [2021-05-07 00:52:13][com.stu.dao.UserMapper.updateByPrimaryKeySelective]ooo Using Connection [com.mysql.jdbc.JDBC4Connection@614ddd49]
[DEBUG] [2021-05-07 00:52:13][com.stu.dao.UserMapper.updateByPrimaryKeySelective]==>  Preparing: update `user` SET username = ?, `password` = ?, stuId = ?, `reset` = ? where id = ? 
[DEBUG] [2021-05-07 00:52:13][com.stu.dao.UserMapper.updateByPrimaryKeySelective]==> Parameters: 17060606125(String), mrWU7P+oZG054QxJinF7tsmXG5KCHvwfviIB0HlvacnshEBFF/J0qc8ULrHPyEZ9EksCg7H6nhMakL+PWg2+VWSrnGqjHEKfOz4LDRsa1MlZFmf1KFleWXKm4iQBeyAiF5k5HxvLhiPg0zdzfQ9ya/HeJN3qwzYCSZ95uJwjJ6k=(String), 37(Integer), 1(String), 9(Integer)
[DEBUG] [2021-05-07 00:52:13][org.apache.ibatis.transaction.jdbc.JdbcTransaction]Committing JDBC Connection [com.mysql.jdbc.JDBC4Connection@614ddd49]
[DEBUG] [2021-05-07 00:52:13][com.stu.dao.UserMapper.selectByPrimaryKey]ooo Using Connection [com.mysql.jdbc.JDBC4Connection@614ddd49]
[DEBUG] [2021-05-07 00:52:13][com.stu.dao.UserMapper.selectByPrimaryKey]==>  Preparing: select id, username, `password`, stuId, `reset` from `user` where id = ? 
[DEBUG] [2021-05-07 00:52:13][com.stu.dao.UserMapper.selectByPrimaryKey]==> Parameters: 10(Integer)
[DEBUG] [2021-05-07 00:52:13][com.stu.dao.UserMapper.updateByPrimaryKeySelective]ooo Using Connection [com.mysql.jdbc.JDBC4Connection@614ddd49]
[DEBUG] [2021-05-07 00:52:13][com.stu.dao.UserMapper.updateByPrimaryKeySelective]==>  Preparing: update `user` SET username = ?, `password` = ?, stuId = ?, `reset` = ? where id = ? 
[DEBUG] [2021-05-07 00:52:13][com.stu.dao.UserMapper.updateByPrimaryKeySelective]==> Parameters: 17050506126(String), fcx+LC48khyLpi+y7HQOSyXru9b16QDvRQSkSCluX3hAEy1gjltqYnW/jT+ZHh5dLRFkYFNpj0az82iQ/k/+r41ayNfTlaGa9A1oUcfCiXYShlQogd4MbyMI8U3uk7n8hVDvpwTbxymUi6k+lSrnXsXRYeNxDKem3oy9uU0u9Eo=(String), 35(Integer), 0(String), 10(Integer)
[DEBUG] [2021-05-07 00:52:13][org.apache.ibatis.transaction.jdbc.JdbcTransaction]Committing JDBC Connection [com.mysql.jdbc.JDBC4Connection@614ddd49]
[DEBUG] [2021-05-07 00:52:13][com.stu.dao.UserMapper.selectByPrimaryKey]ooo Using Connection [com.mysql.jdbc.JDBC4Connection@614ddd49]
[DEBUG] [2021-05-07 00:52:13][com.stu.dao.UserMapper.selectByPrimaryKey]==>  Preparing: select id, username, `password`, stuId, `reset` from `user` where id = ? 
[DEBUG] [2021-05-07 00:52:13][com.stu.dao.UserMapper.selectByPrimaryKey]==> Parameters: 11(Integer)
[DEBUG] [2021-05-07 00:52:13][com.stu.dao.UserMapper.updateByPrimaryKeySelective]ooo Using Connection [com.mysql.jdbc.JDBC4Connection@614ddd49]
[DEBUG] [2021-05-07 00:52:13][com.stu.dao.UserMapper.updateByPrimaryKeySelective]==>  Preparing: update `user` SET username = ?, `password` = ?, stuId = ?, `reset` = ? where id = ? 
[DEBUG] [2021-05-07 00:52:13][com.stu.dao.UserMapper.updateByPrimaryKeySelective]==> Parameters: 456(String), aBSubHv/eEE/w6RdPROPXg/wbtCRu21LwffwgbT6GgeI2OH+Gl2KUwTcQlya9LeKDU85AGS+EiFjHWV3G62L5xluP050K18JW3BFKYTrZLt128tF31VQL5jlzYypmKT9hl4WDoB27VeKZPvplaLWj2HDC3f/2iwwkh5WyrKNc90=(String), 38(Integer), 0(String), 11(Integer)
[DEBUG] [2021-05-07 00:52:13][org.apache.ibatis.transaction.jdbc.JdbcTransaction]Committing JDBC Connection [com.mysql.jdbc.JDBC4Connection@614ddd49]
[DEBUG] [2021-05-07 00:52:13][com.stu.dao.UserMapper.selectByPrimaryKey]ooo Using Connection [com.mysql.jdbc.JDBC4Connection@614ddd49]
[DEBUG] [2021-05-07 00:52:13][com.stu.dao.UserMapper.selectByPrimaryKey]==>  Preparing: select id, username, `password`, stuId, `reset` from `user` where id = ? 
[DEBUG] [2021-05-07 00:52:13][com.stu.dao.UserMapper.selectByPrimaryKey]==> Parameters: 12(Integer)
[DEBUG] [2021-05-07 00:52:13][com.stu.dao.UserMapper.updateByPrimaryKeySelective]ooo Using Connection [com.mysql.jdbc.JDBC4Connection@614ddd49]
[DEBUG] [2021-05-07 00:52:13][com.stu.dao.UserMapper.updateByPrimaryKeySelective]==>  Preparing: update `user` SET username = ?, `password` = ?, stuId = ?, `reset` = ? where id = ? 
[DEBUG] [2021-05-07 00:52:13][com.stu.dao.UserMapper.updateByPrimaryKeySelective]==> Parameters: lyh(String), uQSGs0a+amsi1u3nST1bS5pHZAq1lkomhLZOi5nAL8Pp/lEM+UO1g9CMrZK8xi1Krr6To6M+2vmi0GxSqa7P+RzHouL2sW+9mPD0fhUkhJ/uyX8BgHEkbL72vT0Yf/JVocWTOjTvEaYgdjTDpcwRRg4TF7mzJdHsmS9xeeddllU=(String), 36(Integer), 0(String), 12(Integer)
[DEBUG] [2021-05-07 00:52:13][org.apache.ibatis.transaction.jdbc.JdbcTransaction]Committing JDBC Connection [com.mysql.jdbc.JDBC4Connection@614ddd49]
[DEBUG] [2021-05-07 00:52:13][org.apache.ibatis.transaction.jdbc.JdbcTransaction]Resetting autocommit to true on JDBC Connection [com.mysql.jdbc.JDBC4Connection@614ddd49]
[DEBUG] [2021-05-07 00:52:13][org.apache.ibatis.transaction.jdbc.JdbcTransaction]Closing JDBC Connection [com.mysql.jdbc.JDBC4Connection@614ddd49]
[DEBUG] [2021-05-07 00:52:13][org.apache.ibatis.datasource.pooled.PooledDataSource]Returned connection 1632492873 to pool.
[DEBUG] [2021-05-07 00:54:12][org.apache.ibatis.logging.LogFactory]Logging initialized using 'class org.apache.ibatis.logging.slf4j.Slf4jImpl' adapter.
[DEBUG] [2021-05-07 00:54:12][org.apache.ibatis.datasource.pooled.PooledDataSource]PooledDataSource forcefully closed/removed all connections.
[DEBUG] [2021-05-07 00:54:12][org.apache.ibatis.datasource.pooled.PooledDataSource]PooledDataSource forcefully closed/removed all connections.
[DEBUG] [2021-05-07 00:54:12][org.apache.ibatis.datasource.pooled.PooledDataSource]PooledDataSource forcefully closed/removed all connections.
[DEBUG] [2021-05-07 00:54:12][org.apache.ibatis.datasource.pooled.PooledDataSource]PooledDataSource forcefully closed/removed all connections.
[DEBUG] [2021-05-07 00:54:12][org.apache.ibatis.transaction.jdbc.JdbcTransaction]Opening JDBC Connection
[DEBUG] [2021-05-07 00:54:12][org.apache.ibatis.datasource.pooled.PooledDataSource]Created connection 1632492873.
[DEBUG] [2021-05-07 00:54:12][com.stu.dao.UserMapper.selectByPrimaryKey]ooo Using Connection [com.mysql.jdbc.JDBC4Connection@614ddd49]
[DEBUG] [2021-05-07 00:54:12][com.stu.dao.UserMapper.selectByPrimaryKey]==>  Preparing: select id, username, `password`, stuId, `reset` from `user` where id = ? 
[DEBUG] [2021-05-07 00:54:12][com.stu.dao.UserMapper.selectByPrimaryKey]==> Parameters: 6(Integer)
[DEBUG] [2021-05-07 00:54:13][com.stu.dao.UserMapper.selectByPrimaryKey]ooo Using Connection [com.mysql.jdbc.JDBC4Connection@614ddd49]
[DEBUG] [2021-05-07 00:54:13][com.stu.dao.UserMapper.selectByPrimaryKey]==>  Preparing: select id, username, `password`, stuId, `reset` from `user` where id = ? 
[DEBUG] [2021-05-07 00:54:13][com.stu.dao.UserMapper.selectByPrimaryKey]==> Parameters: 7(Integer)
[DEBUG] [2021-05-07 00:54:13][com.stu.dao.UserMapper.selectByPrimaryKey]ooo Using Connection [com.mysql.jdbc.JDBC4Connection@614ddd49]
[DEBUG] [2021-05-07 00:54:13][com.stu.dao.UserMapper.selectByPrimaryKey]==>  Preparing: select id, username, `password`, stuId, `reset` from `user` where id = ? 
[DEBUG] [2021-05-07 00:54:13][com.stu.dao.UserMapper.selectByPrimaryKey]==> Parameters: 9(Integer)
[DEBUG] [2021-05-07 00:54:13][com.stu.dao.UserMapper.selectByPrimaryKey]ooo Using Connection [com.mysql.jdbc.JDBC4Connection@614ddd49]
[DEBUG] [2021-05-07 00:54:13][com.stu.dao.UserMapper.selectByPrimaryKey]==>  Preparing: select id, username, `password`, stuId, `reset` from `user` where id = ? 
[DEBUG] [2021-05-07 00:54:13][com.stu.dao.UserMapper.selectByPrimaryKey]==> Parameters: 10(Integer)
[DEBUG] [2021-05-07 00:54:13][com.stu.dao.UserMapper.selectByPrimaryKey]ooo Using Connection [com.mysql.jdbc.JDBC4Connection@614ddd49]
[DEBUG] [2021-05-07 00:54:13][com.stu.dao.UserMapper.selectByPrimaryKey]==>  Preparing: select id, username, `password`, stuId, `reset` from `user` where id = ? 
[DEBUG] [2021-05-07 00:54:13][com.stu.dao.UserMapper.selectByPrimaryKey]==> Parameters: 11(Integer)
[DEBUG] [2021-05-07 00:54:13][com.stu.dao.UserMapper.selectByPrimaryKey]ooo Using Connection [com.mysql.jdbc.JDBC4Connection@614ddd49]
[DEBUG] [2021-05-07 00:54:13][com.stu.dao.UserMapper.selectByPrimaryKey]==>  Preparing: select id, username, `password`, stuId, `reset` from `user` where id = ? 
[DEBUG] [2021-05-07 00:54:13][com.stu.dao.UserMapper.selectByPrimaryKey]==> Parameters: 12(Integer)
[DEBUG] [2021-05-07 00:54:13][org.apache.ibatis.transaction.jdbc.JdbcTransaction]Resetting autocommit to true on JDBC Connection [com.mysql.jdbc.JDBC4Connection@614ddd49]
[DEBUG] [2021-05-07 00:54:13][org.apache.ibatis.transaction.jdbc.JdbcTransaction]Closing JDBC Connection [com.mysql.jdbc.JDBC4Connection@614ddd49]
[DEBUG] [2021-05-07 00:54:13][org.apache.ibatis.datasource.pooled.PooledDataSource]Returned connection 1632492873 to pool.
[DEBUG] [2021-05-07 01:20:45][org.apache.ibatis.logging.LogFactory]Logging initialized using 'class org.apache.ibatis.logging.slf4j.Slf4jImpl' adapter.
[DEBUG] [2021-05-07 01:20:45][org.apache.ibatis.datasource.pooled.PooledDataSource]PooledDataSource forcefully closed/removed all connections.
[DEBUG] [2021-05-07 01:20:45][org.apache.ibatis.datasource.pooled.PooledDataSource]PooledDataSource forcefully closed/removed all connections.
[DEBUG] [2021-05-07 01:20:45][org.apache.ibatis.datasource.pooled.PooledDataSource]PooledDataSource forcefully closed/removed all connections.
[DEBUG] [2021-05-07 01:20:45][org.apache.ibatis.datasource.pooled.PooledDataSource]PooledDataSource forcefully closed/removed all connections.
[DEBUG] [2021-05-07 01:20:45][org.apache.ibatis.transaction.jdbc.JdbcTransaction]Opening JDBC Connection
[DEBUG] [2021-05-07 01:20:45][org.apache.ibatis.datasource.pooled.PooledDataSource]Created connection 1632492873.
[DEBUG] [2021-05-07 01:20:45][com.stu.dao.UserMapper.selectByPrimaryKey]ooo Using Connection [com.mysql.jdbc.JDBC4Connection@614ddd49]
[DEBUG] [2021-05-07 01:20:45][com.stu.dao.UserMapper.selectByPrimaryKey]==>  Preparing: select id, username, `password`, stuId, `reset` from `user` where id = ? 
[DEBUG] [2021-05-07 01:20:45][com.stu.dao.UserMapper.selectByPrimaryKey]==> Parameters: 6(Integer)
[DEBUG] [2021-05-07 01:20:46][com.stu.dao.UserMapper.selectByPrimaryKey]ooo Using Connection [com.mysql.jdbc.JDBC4Connection@614ddd49]
[DEBUG] [2021-05-07 01:20:46][com.stu.dao.UserMapper.selectByPrimaryKey]==>  Preparing: select id, username, `password`, stuId, `reset` from `user` where id = ? 
[DEBUG] [2021-05-07 01:20:46][com.stu.dao.UserMapper.selectByPrimaryKey]==> Parameters: 7(Integer)
[DEBUG] [2021-05-07 01:20:46][com.stu.dao.UserMapper.selectByPrimaryKey]ooo Using Connection [com.mysql.jdbc.JDBC4Connection@614ddd49]
[DEBUG] [2021-05-07 01:20:46][com.stu.dao.UserMapper.selectByPrimaryKey]==>  Preparing: select id, username, `password`, stuId, `reset` from `user` where id = ? 
[DEBUG] [2021-05-07 01:20:46][com.stu.dao.UserMapper.selectByPrimaryKey]==> Parameters: 9(Integer)
[DEBUG] [2021-05-07 01:20:46][com.stu.dao.UserMapper.selectByPrimaryKey]ooo Using Connection [com.mysql.jdbc.JDBC4Connection@614ddd49]
[DEBUG] [2021-05-07 01:20:46][com.stu.dao.UserMapper.selectByPrimaryKey]==>  Preparing: select id, username, `password`, stuId, `reset` from `user` where id = ? 
[DEBUG] [2021-05-07 01:20:46][com.stu.dao.UserMapper.selectByPrimaryKey]==> Parameters: 10(Integer)
[DEBUG] [2021-05-07 01:20:46][com.stu.dao.UserMapper.selectByPrimaryKey]ooo Using Connection [com.mysql.jdbc.JDBC4Connection@614ddd49]
[DEBUG] [2021-05-07 01:20:46][com.stu.dao.UserMapper.selectByPrimaryKey]==>  Preparing: select id, username, `password`, stuId, `reset` from `user` where id = ? 
[DEBUG] [2021-05-07 01:20:46][com.stu.dao.UserMapper.selectByPrimaryKey]==> Parameters: 11(Integer)
[DEBUG] [2021-05-07 01:20:46][com.stu.dao.UserMapper.selectByPrimaryKey]ooo Using Connection [com.mysql.jdbc.JDBC4Connection@614ddd49]
[DEBUG] [2021-05-07 01:20:46][com.stu.dao.UserMapper.selectByPrimaryKey]==>  Preparing: select id, username, `password`, stuId, `reset` from `user` where id = ? 
[DEBUG] [2021-05-07 01:20:46][com.stu.dao.UserMapper.selectByPrimaryKey]==> Parameters: 12(Integer)
[DEBUG] [2021-05-07 01:20:46][org.apache.ibatis.transaction.jdbc.JdbcTransaction]Resetting autocommit to true on JDBC Connection [com.mysql.jdbc.JDBC4Connection@614ddd49]
[DEBUG] [2021-05-07 01:20:46][org.apache.ibatis.transaction.jdbc.JdbcTransaction]Closing JDBC Connection [com.mysql.jdbc.JDBC4Connection@614ddd49]
[DEBUG] [2021-05-07 01:20:46][org.apache.ibatis.datasource.pooled.PooledDataSource]Returned connection 1632492873 to pool.
